<?xml version="1.0" encoding="UTF-8"?>
<!-- Generated by org.testng.reporters.JUnitReportReporter -->
<testsuite skipped="1" hostname="AMOJAGTA-3D084" name="demo.TestNGIgnoreDemo" tests="2" failures="0" timestamp="28 Sep 2020 10:30:02 GMT" time="0.019" errors="0">
  <testcase name="test2" time="0.019" classname="demo.TestNGIgnoreDemo"/>
  <testcase name="test1" classname="demo.TestNGIgnoreDemo">
    <skipped/>
  </testcase> <!-- test1 -->
</testsuite> <!-- demo.TestNGIgnoreDemo -->
