<?xml version="1.0" encoding="UTF-8"?>
<!-- Generated by org.testng.reporters.JUnitReportReporter -->
<testsuite skipped="0" hostname="AMOJAGTA-3D084" name="demo.TestNGParametersDemo" tests="1" failures="0" timestamp="29 Sep 2020 11:50:50 GMT" time="0.021" errors="0">
  <testcase name="test" time="0.021" classname="demo.TestNGParametersDemo"/>
</testsuite> <!-- demo.TestNGParametersDemo -->
