<?xml version="1.0" encoding="UTF-8"?>
<!-- Generated by org.testng.reporters.JUnitReportReporter -->
<testsuite skipped="0" hostname="AMOJAGTA-3D084" name="demo.KatalonDemo" tests="1" failures="0" timestamp="28 Sep 2020 12:01:45 GMT" time="19.947" errors="0">
  <testcase name="testOrangeHRM" time="19.947" classname="demo.KatalonDemo"/>
</testsuite> <!-- demo.KatalonDemo -->
