<?xml version="1.0" encoding="UTF-8"?>
<!-- Generated by org.testng.reporters.JUnitReportReporter -->
<testsuite skipped="0" hostname="AMOJAGTA-3D084" name="test.TestNG_Demo" tests="1" failures="0" timestamp="24 Sep 2020 08:46:42 GMT" time="8.162" errors="0">
  <testcase name="GoogleSearchTest" time="8.162" classname="test.TestNG_Demo"/>
</testsuite> <!-- test.TestNG_Demo -->
