<?xml version="1.0" encoding="UTF-8"?>
<!-- Generated by org.testng.reporters.JUnitReportReporter -->
<testsuite skipped="0" hostname="AMOJAGTA-3D084" name="listeners.TestNGListenerDemo2" tests="3" failures="0" timestamp="25 Sep 2020 07:22:22 GMT" time="0.008" errors="0">
  <testcase name="Test6" time="0.005" classname="listeners.TestNGListenerDemo2"/>
  <testcase name="Test4" time="0.001" classname="listeners.TestNGListenerDemo2"/>
  <testcase name="Test5" time="0.002" classname="listeners.TestNGListenerDemo2"/>
</testsuite> <!-- listeners.TestNGListenerDemo2 -->
