<?xml version="1.0" encoding="UTF-8"?>
<!-- Generated by org.testng.reporters.JUnitReportReporter -->
<testsuite skipped="0" hostname="AMOJAGTA-3D084" name="test.ExtentReportDemoTestNG" tests="2" failures="0" timestamp="23 Sep 2020 11:27:15 GMT" time="7.486" errors="0">
  <testcase name="Test2" time="2.506" classname="test.ExtentReportDemoTestNG"/>
  <testcase name="Test1" time="4.980" classname="test.ExtentReportDemoTestNG"/>
</testsuite> <!-- test.ExtentReportDemoTestNG -->
