<?xml version="1.0" encoding="UTF-8"?>
<!-- Generated by org.testng.reporters.JUnitReportReporter -->
<testsuite skipped="0" hostname="AMOJAGTA-3D084" name="demo.TestNGParametersDemo" tests="1" failures="0" timestamp="28 Sep 2020 10:14:17 GMT" time="0.017" errors="0">
  <testcase name="test" time="0.017" classname="demo.TestNGParametersDemo"/>
</testsuite> <!-- demo.TestNGParametersDemo -->
