<?xml version="1.0" encoding="UTF-8"?>
<!-- Generated by org.testng.reporters.JUnitReportReporter -->
<testsuite skipped="0" hostname="AMOJAGTA-3D084" name="demo.TestNGDependenciesDemo" tests="3" failures="0" timestamp="28 Sep 2020 10:26:44 GMT" time="0.030" errors="0">
  <testcase name="test3" time="0.022" classname="demo.TestNGDependenciesDemo"/>
  <testcase name="test1" time="0.004" classname="demo.TestNGDependenciesDemo"/>
  <testcase name="test2" time="0.004" classname="demo.TestNGDependenciesDemo"/>
</testsuite> <!-- demo.TestNGDependenciesDemo -->
