<?xml version="1.0" encoding="UTF-8"?>
<!-- Generated by org.testng.reporters.JUnitReportReporter -->
<testsuite skipped="0" hostname="AMOJAGTA-3D084" name="test.GoogleSearchPageTestNG" tests="1" failures="0" timestamp="23 Sep 2020 09:40:43 GMT" time="1.187" errors="0">
  <testcase name="GoogleSearchTest" time="1.187" classname="test.GoogleSearchPageTestNG"/>
</testsuite> <!-- test.GoogleSearchPageTestNG -->
