<?xml version="1.0" encoding="UTF-8"?>
<!-- Generated by org.testng.reporters.JUnitReportReporter -->
<testsuite skipped="0" hostname="AMOJAGTA-3D084" name="demo.TestNGPriorityDemo" tests="3" failures="0" timestamp="25 Sep 2020 07:33:32 GMT" time="0.032" errors="0">
  <testcase name="Zest2" time="0.009" classname="demo.TestNGPriorityDemo"/>
  <testcase name="Test3" time="0.020" classname="demo.TestNGPriorityDemo"/>
  <testcase name="Test1" time="0.003" classname="demo.TestNGPriorityDemo"/>
</testsuite> <!-- demo.TestNGPriorityDemo -->
