<?xml version="1.0" encoding="UTF-8"?>
<!-- Generated by org.testng.reporters.JUnitReportReporter -->
<testsuite skipped="0" hostname="AMOJAGTA-3D084" name="demo.TestNGGroupsDemo" tests="4" failures="0" timestamp="29 Sep 2020 12:00:56 GMT" time="0.020" errors="0">
  <testcase name="Test3" time="0.001" classname="demo.TestNGGroupsDemo"/>
  <testcase name="Test2" time="0.001" classname="demo.TestNGGroupsDemo"/>
  <testcase name="Test4" time="0.005" classname="demo.TestNGGroupsDemo"/>
  <testcase name="Test1" time="0.013" classname="demo.TestNGGroupsDemo"/>
</testsuite> <!-- demo.TestNGGroupsDemo -->
