<?xml version="1.0" encoding="UTF-8"?>
<!-- Generated by org.testng.reporters.JUnitReportReporter -->
<testsuite skipped="0" hostname="AMOJAGTA-3D084" name="Utils.ExcelUtils" tests="1" failures="0" timestamp="24 Sep 2020 11:11:45 GMT" time="0.014" errors="0">
  <testcase name="ExcelDataTest" time="0.014" classname="Utils.ExcelUtils"/>
</testsuite> <!-- Utils.ExcelUtils -->
