<?xml version="1.0" encoding="UTF-8"?>
<!-- Generated by org.testng.reporters.JUnitReportReporter -->
<testsuite skipped="0" hostname="AMOJAGTA-3D084" name="demo.TestNGGroupsDemo" tests="4" failures="0" timestamp="28 Sep 2020 10:24:20 GMT" time="0.026" errors="0">
  <testcase name="Test4" time="0.003" classname="demo.TestNGGroupsDemo"/>
  <testcase name="Test3" time="0.004" classname="demo.TestNGGroupsDemo"/>
  <testcase name="Test2" time="0.004" classname="demo.TestNGGroupsDemo"/>
  <testcase name="Test1" time="0.015" classname="demo.TestNGGroupsDemo"/>
</testsuite> <!-- demo.TestNGGroupsDemo -->
