<?xml version="1.0" encoding="UTF-8"?>
<!-- Generated by org.testng.reporters.JUnitReportReporter -->
<testsuite skipped="0" hostname="AMOJAGTA-3D084" name="test.TestNG_Demo2" tests="1" failures="0" timestamp="23 Sep 2020 12:06:41 GMT" time="7.076" errors="0">
  <testcase name="GoogleSearchTest3" time="7.076" classname="test.TestNG_Demo2"/>
</testsuite> <!-- test.TestNG_Demo2 -->
